AMARIN/app/build/intermediates/manifest_merge_blame_file/debug/manifest-merger-blame-debug-report.txt
1<?xml version="1.0" encoding="utf-8"?>
2<manifest xmlns:android="http://schemas.android.com/apk/res/android"
3    package="com.example.stock_design"
4    android:versionCode="1"
5    android:versionName="1.0.0" >
6
7    <uses-sdk
8        android:minSdkVersion="15"
8-->src\main\AndroidManifest.xml
9        android:targetSdkVersion="29" />
9-->src\main\AndroidManifest.xml
10
11    <uses-permission android:name="android.permission.READ_INTERNAL_STORAGE" />
11-->src\main\AndroidManifest.xml:5:5-80
11-->src\main\AndroidManifest.xml:5:22-77
12    <uses-permission android:name="android.permission.WRITE_INTERNAL_STORAGE" />
12-->src\main\AndroidManifest.xml:6:5-81
12-->src\main\AndroidManifest.xml:6:22-78
13    <uses-permission android:name="android.permission.READ_EXTERNAL_STORAGE" />
13-->src\main\AndroidManifest.xml:7:5-80
13-->src\main\AndroidManifest.xml:7:22-77
14    <uses-permission android:name="android.permission.WRITE_EXTERNAL_STORAGE" />
14-->src\main\AndroidManifest.xml:8:5-81
14-->src\main\AndroidManifest.xml:8:22-78
15
16    <supports-screens
16-->src\main\AndroidManifest.xml:10:5-15:40
17        android:largeScreens="true"
17-->src\main\AndroidManifest.xml:11:9-36
18        android:normalScreens="true"
18-->src\main\AndroidManifest.xml:12:9-37
19        android:resizeable="true"
19-->src\main\AndroidManifest.xml:13:9-34
20        android:smallScreens="true"
20-->src\main\AndroidManifest.xml:14:9-36
21        android:xlargeScreens="true" />
21-->src\main\AndroidManifest.xml:15:9-37
22
23    <application
23-->src\main\AndroidManifest.xml:17:5-72:19
24        android:allowBackup="false"
24-->src\main\AndroidManifest.xml:18:9-36
25        android:appComponentFactory="androidx.core.app.CoreComponentFactory"
25-->[androidx.core:core:1.1.0-rc01] AndroidManifest.xml:24:18-86
26        android:configChanges="locale|orientation"
26-->src\main\AndroidManifest.xml:19:9-51
27        android:debuggable="true"
28        android:icon="@mipmap/ic_main"
28-->src\main\AndroidManifest.xml:20:9-39
29        android:label="@string/app_name"
29-->src\main\AndroidManifest.xml:21:9-41
30        android:largeHeap="true"
30-->src\main\AndroidManifest.xml:22:9-33
31        android:roundIcon="@mipmap/ic_launcher_round"
31-->src\main\AndroidManifest.xml:23:9-54
32        android:supportsRtl="true"
32-->src\main\AndroidManifest.xml:24:9-35
33        android:testOnly="true"
34        android:theme="@style/AppTheme" >
34-->src\main\AndroidManifest.xml:25:9-40
35        <activity
35-->src\main\AndroidManifest.xml:26:9-29:20
36            android:name="com.example.stock_design.Edit"
36-->src\main\AndroidManifest.xml:26:19-39
37            android:parentActivityName="com.example.stock_design.Admin"
37-->src\main\AndroidManifest.xml:27:13-48
38            android:screenOrientation="portrait" >
38-->src\main\AndroidManifest.xml:28:13-49
39        </activity>
40        <activity android:name="com.example.stock_design.About" />
40-->src\main\AndroidManifest.xml:30:9-43
40-->src\main\AndroidManifest.xml:30:19-40
41        <activity android:name="com.example.stock_design.Location" />
41-->src\main\AndroidManifest.xml:31:9-46
41-->src\main\AndroidManifest.xml:31:19-43
42        <activity
42-->src\main\AndroidManifest.xml:32:9-35:52
43            android:name="com.example.stock_design.Verify"
43-->src\main\AndroidManifest.xml:33:13-35
44            android:parentActivityName="com.example.stock_design.MainActivity"
44-->src\main\AndroidManifest.xml:34:13-55
45            android:screenOrientation="portrait" />
45-->src\main\AndroidManifest.xml:35:13-49
46        <activity
46-->src\main\AndroidManifest.xml:36:9-45:20
47            android:name="com.example.stock_design.Intro_logo"
47-->src\main\AndroidManifest.xml:37:13-39
48            android:screenOrientation="portrait"
48-->src\main\AndroidManifest.xml:38:13-49
49            android:theme="@style/Theme.AppCompat.DayNight.NoActionBar" >
49-->src\main\AndroidManifest.xml:39:13-72
50            <intent-filter>
50-->src\main\AndroidManifest.xml:40:13-44:29
51                <action android:name="android.intent.action.MAIN" />
51-->src\main\AndroidManifest.xml:41:17-69
51-->src\main\AndroidManifest.xml:41:25-66
52
53                <category android:name="android.intent.category.LAUNCHER" />
53-->src\main\AndroidManifest.xml:43:17-77
53-->src\main\AndroidManifest.xml:43:27-74
54            </intent-filter>
55        </activity>
56        <activity
56-->src\main\AndroidManifest.xml:46:9-49:52
57            android:name="com.example.stock_design.Detail"
57-->src\main\AndroidManifest.xml:47:13-35
58            android:parentActivityName="com.example.stock_design.Search"
58-->src\main\AndroidManifest.xml:48:13-49
59            android:screenOrientation="portrait" />
59-->src\main\AndroidManifest.xml:49:13-49
60        <activity
60-->src\main\AndroidManifest.xml:50:9-54:52
61            android:name="com.example.stock_design.Search"
61-->src\main\AndroidManifest.xml:51:13-35
62            android:noHistory="true"
62-->src\main\AndroidManifest.xml:52:13-37
63            android:parentActivityName="com.example.stock_design.Admin"
63-->src\main\AndroidManifest.xml:53:13-48
64            android:screenOrientation="portrait" />
64-->src\main\AndroidManifest.xml:54:13-49
65        <activity
65-->src\main\AndroidManifest.xml:55:9-58:52
66            android:name="com.example.stock_design.Admin"
66-->src\main\AndroidManifest.xml:56:13-34
67            android:parentActivityName="com.example.stock_design.MainActivity"
67-->src\main\AndroidManifest.xml:57:13-55
68            android:screenOrientation="portrait" />
68-->src\main\AndroidManifest.xml:58:13-49
69        <activity
69-->src\main\AndroidManifest.xml:59:9-62:52
70            android:name="com.example.stock_design.Counting"
70-->src\main\AndroidManifest.xml:60:13-37
71            android:parentActivityName="com.example.stock_design.MainActivity"
71-->src\main\AndroidManifest.xml:61:13-55
72            android:screenOrientation="portrait" />
72-->src\main\AndroidManifest.xml:62:13-49
73        <activity
73-->src\main\AndroidManifest.xml:63:9-71:20
74            android:name="com.example.stock_design.MainActivity"
74-->src\main\AndroidManifest.xml:64:13-41
75            android:screenOrientation="portrait" >
75-->src\main\AndroidManifest.xml:65:13-49
76            <intent-filter>
76-->src\main\AndroidManifest.xml:66:13-70:29
77                <action android:name="android.intent.action.MAIN" />
77-->src\main\AndroidManifest.xml:41:17-69
77-->src\main\AndroidManifest.xml:41:25-66
78
79                <category android:name="android.intent.category.DEFAULT" />
79-->src\main\AndroidManifest.xml:69:17-76
79-->src\main\AndroidManifest.xml:69:27-73
80            </intent-filter>
81        </activity>
82    </application>
83
84</manifest>